<!DOCTYPE html>

<html>
  <head>
  <meta charset='utf-8'>
  <title>TestNG reports</title>

    <link type="text/css" href="testng-reports.css" rel="stylesheet" />
    <script type="text/javascript" src="jquery-1.7.1.min.js"></script>
    <script type="text/javascript" src="testng-reports.js"></script>
    <script type="text/javascript" src="https://www.google.com/jsapi"></script>
    <script type='text/javascript'>
      google.load('visualization', '1', {packages:['table']});
      google.setOnLoadCallback(drawTable);
      var suiteTableInitFunctions = new Array();
      var suiteTableData = new Array();
    </script>
    <!--
      <script type="text/javascript" src="jquery-ui/js/jquery-ui-1.8.16.custom.min.js"></script>
     -->
  </head>

  <body>
    <div class="top-banner-root">
      <span class="top-banner-title-font">Test results</span>
      <br/>
      <span class="top-banner-font-1">1 suite, 4 failed tests</span>
    </div> <!-- top-banner-root -->
    <div class="navigator-root">
      <div class="navigator-suite-header">
        <span>All suites</span>
        <a href="#" class="collapse-all-link" title="Collapse/expand all the suites">
          <img class="collapse-all-icon" src="collapseall.gif">
          </img> <!-- collapse-all-icon -->
        </a> <!-- collapse-all-link -->
      </div> <!-- navigator-suite-header -->
      <div class="suite">
        <div class="rounded-window">
          <div class="suite-header light-rounded-window-top">
            <a href="#" class="navigator-link" panel-name="suite-All_Test_Suite">
              <span class="suite-name border-failed">All Test Suite</span>
            </a> <!-- navigator-link -->
          </div> <!-- suite-header light-rounded-window-top -->
          <div class="navigator-suite-content">
            <div class="suite-section-title">
              <span>Info</span>
            </div> <!-- suite-section-title -->
            <div class="suite-section-content">
              <ul>
                <li>
                  <a href="#" class="navigator-link " panel-name="test-xml-All_Test_Suite">
                    <span>testng.xml</span>
                  </a> <!-- navigator-link  -->
                </li>
                <li>
                  <a href="#" class="navigator-link " panel-name="testlist-All_Test_Suite">
                    <span class="test-stats">1 test</span>
                  </a> <!-- navigator-link  -->
                </li>
                <li>
                  <a href="#" class="navigator-link " panel-name="group-All_Test_Suite">
                    <span>0 groups</span>
                  </a> <!-- navigator-link  -->
                </li>
                <li>
                  <a href="#" class="navigator-link " panel-name="times-All_Test_Suite">
                    <span>Times</span>
                  </a> <!-- navigator-link  -->
                </li>
                <li>
                  <a href="#" class="navigator-link " panel-name="reporter-All_Test_Suite">
                    <span>Reporter output</span>
                  </a> <!-- navigator-link  -->
                </li>
                <li>
                  <a href="#" class="navigator-link " panel-name="ignored-methods-All_Test_Suite">
                    <span>Ignored methods</span>
                  </a> <!-- navigator-link  -->
                </li>
                <li>
                  <a href="#" class="navigator-link " panel-name="chronological-All_Test_Suite">
                    <span>Chronological view</span>
                  </a> <!-- navigator-link  -->
                </li>
              </ul>
            </div> <!-- suite-section-content -->
            <div class="result-section">
              <div class="suite-section-title">
                <span>Results</span>
              </div> <!-- suite-section-title -->
              <div class="suite-section-content">
                <ul>
                  <li>
                    <span class="method-stats">6 methods, 4 failed,   2 passed</span>
                  </li>
                  <li>
                    <span class="method-list-title failed">Failed methods</span>
                    <span class="show-or-hide-methods failed">
                      <a href="#" panel-name="suite-All_Test_Suite" class="hide-methods failed suite-All_Test_Suite"> (hide)</a> <!-- hide-methods failed suite-All_Test_Suite -->
                      <a href="#" panel-name="suite-All_Test_Suite" class="show-methods failed suite-All_Test_Suite"> (show)</a> <!-- show-methods failed suite-All_Test_Suite -->
                    </span>
                    <div class="method-list-content failed suite-All_Test_Suite">
                      <span>
                        <img width="3%" src="failed.png"/>
                        <a href="#" class="method navigator-link" panel-name="suite-All_Test_Suite" title="testscenarios.SignInTestCase" hash-for-method="EmptyLoginCredentialsvalidation">EmptyLoginCredentialsvalidation</a> <!-- method navigator-link -->
                      </span>
                      <br/>
                      <span>
                        <img width="3%" src="failed.png"/>
                        <a href="#" class="method navigator-link" panel-name="suite-All_Test_Suite" title="testscenarios.SignInTestCase" hash-for-method="LoginUIelementsvalidation">LoginUIelementsvalidation</a> <!-- method navigator-link -->
                      </span>
                      <br/>
                      <span>
                        <img width="3%" src="failed.png"/>
                        <a href="#" class="method navigator-link" panel-name="suite-All_Test_Suite" title="testscenarios.SignInTestCase" hash-for-method="NoInternetConnection">NoInternetConnection</a> <!-- method navigator-link -->
                      </span>
                      <br/>
                      <span>
                        <img width="3%" src="failed.png"/>
                        <a href="#" class="method navigator-link" panel-name="suite-All_Test_Suite" title="testscenarios.SignInTestCase" hash-for-method="UserisabletoselectanAccount">UserisabletoselectanAccount</a> <!-- method navigator-link -->
                      </span>
                      <br/>
                    </div> <!-- method-list-content failed suite-All_Test_Suite -->
                  </li>
                  <li>
                    <span class="method-list-title passed">Passed methods</span>
                    <span class="show-or-hide-methods passed">
                      <a href="#" panel-name="suite-All_Test_Suite" class="hide-methods passed suite-All_Test_Suite"> (hide)</a> <!-- hide-methods passed suite-All_Test_Suite -->
                      <a href="#" panel-name="suite-All_Test_Suite" class="show-methods passed suite-All_Test_Suite"> (show)</a> <!-- show-methods passed suite-All_Test_Suite -->
                    </span>
                    <div class="method-list-content passed suite-All_Test_Suite">
                      <span>
                        <img width="3%" src="passed.png"/>
                        <a href="#" class="method navigator-link" panel-name="suite-All_Test_Suite" title="testscenarios.SignInTestCase" hash-for-method="InvalidCredentialValidations">InvalidCredentialValidations</a> <!-- method navigator-link -->
                      </span>
                      <br/>
                      <span>
                        <img width="3%" src="passed.png"/>
                        <a href="#" class="method navigator-link" panel-name="suite-All_Test_Suite" title="testscenarios.SignInTestCase" hash-for-method="LoginCredentialsvalidation">LoginCredentialsvalidation</a> <!-- method navigator-link -->
                      </span>
                      <br/>
                    </div> <!-- method-list-content passed suite-All_Test_Suite -->
                  </li>
                </ul>
              </div> <!-- suite-section-content -->
            </div> <!-- result-section -->
          </div> <!-- navigator-suite-content -->
        </div> <!-- rounded-window -->
      </div> <!-- suite -->
    </div> <!-- navigator-root -->
    <div class="wrapper">
      <div class="main-panel-root">
        <div panel-name="suite-All_Test_Suite" class="panel All_Test_Suite">
          <div class="suite-All_Test_Suite-class-failed">
            <div class="main-panel-header rounded-window-top">
              <img src="failed.png"/>
              <span class="class-name">testscenarios.SignInTestCase</span>
            </div> <!-- main-panel-header rounded-window-top -->
            <div class="main-panel-content rounded-window-bottom">
              <div class="method">
                <div class="method-content">
                  <a name="EmptyLoginCredentialsvalidation">
                  </a> <!-- EmptyLoginCredentialsvalidation -->
                  <span class="method-name">EmptyLoginCredentialsvalidation</span>
                  <div class="stack-trace">org.openqa.selenium.NoSuchElementException: Can&apos;t locate an element by
                      this strategy: By.chained({AppiumBy.id: com.spireon.fleet.staging:id/ed_username})
                      at
                      io.appium.java_client.pagefactory.AppiumElementLocator.findElement(AppiumElementLocator.java:125)
                      at
                      io.appium.java_client.pagefactory.interceptors.InterceptorOfASingleElement.intercept(InterceptorOfASingleElement.java:59)
                      at org.openqa.selenium.remote.RemoteWebElement$$EnhancerByCGLIB$$d27c0df4.clear(&lt;generated&gt;)
                      at testscenarios.SignInTestCase.EmptyLoginCredentialsvalidation(SignInTestCases.java:52)
                      at sun.reflect.NativeMethodAccessorImpl.invoke0(Native Method)
                      at sun.reflect.NativeMethodAccessorImpl.invoke(NativeMethodAccessorImpl.java:62)
                      at sun.reflect.DelegatingMethodAccessorImpl.invoke(DelegatingMethodAccessorImpl.java:43)
                      at java.lang.reflect.Method.invoke(Method.java:498)
                      at org.testng.internal.MethodInvocationHelper.invokeMethod(MethodInvocationHelper.java:133)
                      at org.testng.internal.TestInvoker.invokeMethod(TestInvoker.java:584)
                      at org.testng.internal.TestInvoker.invokeTestMethod(TestInvoker.java:172)
                      at org.testng.internal.MethodRunner.runInSequence(MethodRunner.java:46)
                      at org.testng.internal.TestInvoker$MethodInvocationAgent.invoke(TestInvoker.java:804)
                      at org.testng.internal.TestInvoker.invokeTestMethods(TestInvoker.java:145)
                      at org.testng.internal.TestMethodWorker.invokeTestMethods(TestMethodWorker.java:146)
                      at org.testng.internal.TestMethodWorker.run(TestMethodWorker.java:128)
                      at java.util.ArrayList.forEach(ArrayList.java:1257)
                      at org.testng.TestRunner.privateRun(TestRunner.java:770)
                      at org.testng.TestRunner.run(TestRunner.java:591)
                      at org.testng.SuiteRunner.runTest(SuiteRunner.java:402)
                      at org.testng.SuiteRunner.runSequentially(SuiteRunner.java:396)
                      at org.testng.SuiteRunner.privateRun(SuiteRunner.java:355)
                      at org.testng.SuiteRunner.run(SuiteRunner.java:304)
                      at org.testng.SuiteRunnerWorker.runSuite(SuiteRunnerWorker.java:53)
                      at org.testng.SuiteRunnerWorker.run(SuiteRunnerWorker.java:96)
                      at org.testng.TestNG.runSuitesSequentially(TestNG.java:1180)
                      at org.testng.TestNG.runSuitesLocally(TestNG.java:1102)
                      at org.testng.TestNG.runSuites(TestNG.java:1032)
                      at org.testng.TestNG.run(TestNG.java:1000)
                      at com.intellij.rt.testng.IDEARemoteTestNG.run(IDEARemoteTestNG.java:66)
                      at com.intellij.rt.testng.RemoteTestNGStarter.main(RemoteTestNGStarter.java:105)
                      Caused by: org.openqa.selenium.TimeoutException: Expected condition failed: waiting for
                      io.appium.java_client.pagefactory.AppiumElementLocator$WaitingFunction@7446d8d5 (tried for 1
                      second(s) with 500 milliseconds interval)
                      at org.openqa.selenium.support.ui.FluentWait.timeoutException(FluentWait.java:263)
                      at org.openqa.selenium.support.ui.FluentWait.until(FluentWait.java:231)
                      at io.appium.java_client.pagefactory.AppiumElementLocator.waitFor(AppiumElementLocator.java:98)
                      at
                      io.appium.java_client.pagefactory.AppiumElementLocator.findElement(AppiumElementLocator.java:118)
                      ... 30 more
                      Caused by: org.openqa.selenium.NoSuchElementException: Cannot locate an element using
                      By.chained({AppiumBy.id: com.spireon.fleet.staging:id/ed_username})
                      For documentation on this error, please visit: https://selenium.dev/exceptions/#no_such_element
                      Build info: version: &apos;4.9.0&apos;, revision: &apos;d7057100a6&apos;
                      System info: os.name: &apos;Mac OS X&apos;, os.arch: &apos;x86_64&apos;, os.version: &apos;10.16&apos;,
                      java.version: &apos;1.8.0_202&apos;
                      Driver info: driver.version: RemoteWebDriver
                      at io.appium.java_client.pagefactory.bys.builder.ByChained.findElement(ByChained.java:77)
                      at
                      org.openqa.selenium.remote.ElementLocation$ElementFinder$1.findElement(ElementLocation.java:136)
                      at org.openqa.selenium.remote.ElementLocation.findElement(ElementLocation.java:80)
                      at org.openqa.selenium.remote.RemoteWebDriver.findElement(RemoteWebDriver.java:352)
                      at org.openqa.selenium.remote.RemoteWebDriver.findElement(RemoteWebDriver.java:344)
                      at io.appium.java_client.pagefactory.bys.ContentMappedBy.findElement(ContentMappedBy.java:50)
                      at
                      org.openqa.selenium.remote.ElementLocation$ElementFinder$1.findElement(ElementLocation.java:136)
                      at org.openqa.selenium.remote.ElementLocation.findElement(ElementLocation.java:80)
                      at org.openqa.selenium.remote.RemoteWebDriver.findElement(RemoteWebDriver.java:352)
                      at org.openqa.selenium.remote.RemoteWebDriver.findElement(RemoteWebDriver.java:344)
                      at
                      io.appium.java_client.pagefactory.AppiumElementLocator.lambda$findElement$0(AppiumElementLocator.java:119)
                      at
                      io.appium.java_client.pagefactory.AppiumElementLocator$WaitingFunction.apply(AppiumElementLocator.java:171)
                      at
                      io.appium.java_client.pagefactory.AppiumElementLocator$WaitingFunction.apply(AppiumElementLocator.java:164)
                      at org.openqa.selenium.support.ui.FluentWait.until(FluentWait.java:208)
                      ... 32 more

                  </div> <!-- stack-trace -->
                </div> <!-- method-content -->
              </div> <!-- method -->
              <div class="method">
                <div class="method-content">
                  <a name="LoginUIelementsvalidation">
                  </a> <!-- LoginUIelementsvalidation -->
                  <span class="method-name">LoginUIelementsvalidation</span>
                  <div class="stack-trace">org.openqa.selenium.NoSuchElementException: Can&apos;t locate an element by
                      this strategy: By.chained({AppiumBy.id: com.spireon.fleet.staging:id/ed_username})
                      at
                      io.appium.java_client.pagefactory.AppiumElementLocator.findElement(AppiumElementLocator.java:125)
                      at
                      io.appium.java_client.pagefactory.interceptors.InterceptorOfASingleElement.intercept(InterceptorOfASingleElement.java:59)
                      at org.openqa.selenium.remote.RemoteWebElement$$EnhancerByCGLIB$$d27c0df4.isDisplayed(&lt;generated&gt;)
                      at testscenarios.SignInTestCase.LoginUIelementsvalidation(SignInTestCases.java:21)
                      at sun.reflect.NativeMethodAccessorImpl.invoke0(Native Method)
                      at sun.reflect.NativeMethodAccessorImpl.invoke(NativeMethodAccessorImpl.java:62)
                      at sun.reflect.DelegatingMethodAccessorImpl.invoke(DelegatingMethodAccessorImpl.java:43)
                      at java.lang.reflect.Method.invoke(Method.java:498)
                      at org.testng.internal.MethodInvocationHelper.invokeMethod(MethodInvocationHelper.java:133)
                      at org.testng.internal.TestInvoker.invokeMethod(TestInvoker.java:584)
                      at org.testng.internal.TestInvoker.invokeTestMethod(TestInvoker.java:172)
                      at org.testng.internal.MethodRunner.runInSequence(MethodRunner.java:46)
                      at org.testng.internal.TestInvoker$MethodInvocationAgent.invoke(TestInvoker.java:804)
                      at org.testng.internal.TestInvoker.invokeTestMethods(TestInvoker.java:145)
                      at org.testng.internal.TestMethodWorker.invokeTestMethods(TestMethodWorker.java:146)
                      at org.testng.internal.TestMethodWorker.run(TestMethodWorker.java:128)
                      at java.util.ArrayList.forEach(ArrayList.java:1257)
                      at org.testng.TestRunner.privateRun(TestRunner.java:770)
                      at org.testng.TestRunner.run(TestRunner.java:591)
                      at org.testng.SuiteRunner.runTest(SuiteRunner.java:402)
                      at org.testng.SuiteRunner.runSequentially(SuiteRunner.java:396)
                      at org.testng.SuiteRunner.privateRun(SuiteRunner.java:355)
                      at org.testng.SuiteRunner.run(SuiteRunner.java:304)
                      at org.testng.SuiteRunnerWorker.runSuite(SuiteRunnerWorker.java:53)
                      at org.testng.SuiteRunnerWorker.run(SuiteRunnerWorker.java:96)
                      at org.testng.TestNG.runSuitesSequentially(TestNG.java:1180)
                      at org.testng.TestNG.runSuitesLocally(TestNG.java:1102)
                      at org.testng.TestNG.runSuites(TestNG.java:1032)
                      at org.testng.TestNG.run(TestNG.java:1000)
                      at com.intellij.rt.testng.IDEARemoteTestNG.run(IDEARemoteTestNG.java:66)
                      at com.intellij.rt.testng.RemoteTestNGStarter.main(RemoteTestNGStarter.java:105)
                      Caused by: org.openqa.selenium.TimeoutException: Expected condition failed: waiting for
                      io.appium.java_client.pagefactory.AppiumElementLocator$WaitingFunction@674c583e (tried for 1
                      second(s) with 500 milliseconds interval)
                      at org.openqa.selenium.support.ui.FluentWait.timeoutException(FluentWait.java:263)
                      at org.openqa.selenium.support.ui.FluentWait.until(FluentWait.java:231)
                      at io.appium.java_client.pagefactory.AppiumElementLocator.waitFor(AppiumElementLocator.java:98)
                      at
                      io.appium.java_client.pagefactory.AppiumElementLocator.findElement(AppiumElementLocator.java:118)
                      ... 30 more
                      Caused by: org.openqa.selenium.NoSuchElementException: Cannot locate an element using
                      By.chained({AppiumBy.id: com.spireon.fleet.staging:id/ed_username})
                      For documentation on this error, please visit: https://selenium.dev/exceptions/#no_such_element
                      Build info: version: &apos;4.9.0&apos;, revision: &apos;d7057100a6&apos;
                      System info: os.name: &apos;Mac OS X&apos;, os.arch: &apos;x86_64&apos;, os.version: &apos;10.16&apos;,
                      java.version: &apos;1.8.0_202&apos;
                      Driver info: driver.version: RemoteWebDriver
                      at io.appium.java_client.pagefactory.bys.builder.ByChained.findElement(ByChained.java:77)
                      at
                      org.openqa.selenium.remote.ElementLocation$ElementFinder$1.findElement(ElementLocation.java:136)
                      at org.openqa.selenium.remote.ElementLocation.findElement(ElementLocation.java:60)
                      at org.openqa.selenium.remote.RemoteWebDriver.findElement(RemoteWebDriver.java:352)
                      at org.openqa.selenium.remote.RemoteWebDriver.findElement(RemoteWebDriver.java:344)
                      at io.appium.java_client.pagefactory.bys.ContentMappedBy.findElement(ContentMappedBy.java:50)
                      at
                      org.openqa.selenium.remote.ElementLocation$ElementFinder$1.findElement(ElementLocation.java:136)
                      at org.openqa.selenium.remote.ElementLocation.findElement(ElementLocation.java:60)
                      at org.openqa.selenium.remote.RemoteWebDriver.findElement(RemoteWebDriver.java:352)
                      at org.openqa.selenium.remote.RemoteWebDriver.findElement(RemoteWebDriver.java:344)
                      at
                      io.appium.java_client.pagefactory.AppiumElementLocator.lambda$findElement$0(AppiumElementLocator.java:119)
                      at
                      io.appium.java_client.pagefactory.AppiumElementLocator$WaitingFunction.apply(AppiumElementLocator.java:171)
                      at
                      io.appium.java_client.pagefactory.AppiumElementLocator$WaitingFunction.apply(AppiumElementLocator.java:164)
                      at org.openqa.selenium.support.ui.FluentWait.until(FluentWait.java:208)
                      ... 32 more

                  </div> <!-- stack-trace -->
                </div> <!-- method-content -->
              </div> <!-- method -->
              <div class="method">
                <div class="method-content">
                  <a name="NoInternetConnection">
                  </a> <!-- NoInternetConnection -->
                  <span class="method-name">NoInternetConnection</span>
                  <div class="stack-trace">org.openqa.selenium.NoSuchElementException: Can&apos;t locate an element by
                      this strategy: By.chained({AppiumBy.id: com.spireon.fleet.staging:id/bt_sign_in})
                      at
                      io.appium.java_client.pagefactory.AppiumElementLocator.findElement(AppiumElementLocator.java:125)
                      at
                      io.appium.java_client.pagefactory.interceptors.InterceptorOfASingleElement.intercept(InterceptorOfASingleElement.java:59)
                      at org.openqa.selenium.remote.RemoteWebElement$$EnhancerByCGLIB$$d27c0df4.click(&lt;generated&gt;)
                      at testscenarios.SignInTestCase.NoInternetConnection(SignInTestCases.java:95)
                      at sun.reflect.NativeMethodAccessorImpl.invoke0(Native Method)
                      at sun.reflect.NativeMethodAccessorImpl.invoke(NativeMethodAccessorImpl.java:62)
                      at sun.reflect.DelegatingMethodAccessorImpl.invoke(DelegatingMethodAccessorImpl.java:43)
                      at java.lang.reflect.Method.invoke(Method.java:498)
                      at org.testng.internal.MethodInvocationHelper.invokeMethod(MethodInvocationHelper.java:133)
                      at org.testng.internal.TestInvoker.invokeMethod(TestInvoker.java:584)
                      at org.testng.internal.TestInvoker.invokeTestMethod(TestInvoker.java:172)
                      at org.testng.internal.MethodRunner.runInSequence(MethodRunner.java:46)
                      at org.testng.internal.TestInvoker$MethodInvocationAgent.invoke(TestInvoker.java:804)
                      at org.testng.internal.TestInvoker.invokeTestMethods(TestInvoker.java:145)
                      at org.testng.internal.TestMethodWorker.invokeTestMethods(TestMethodWorker.java:146)
                      at org.testng.internal.TestMethodWorker.run(TestMethodWorker.java:128)
                      at java.util.ArrayList.forEach(ArrayList.java:1257)
                      at org.testng.TestRunner.privateRun(TestRunner.java:770)
                      at org.testng.TestRunner.run(TestRunner.java:591)
                      at org.testng.SuiteRunner.runTest(SuiteRunner.java:402)
                      at org.testng.SuiteRunner.runSequentially(SuiteRunner.java:396)
                      at org.testng.SuiteRunner.privateRun(SuiteRunner.java:355)
                      at org.testng.SuiteRunner.run(SuiteRunner.java:304)
                      at org.testng.SuiteRunnerWorker.runSuite(SuiteRunnerWorker.java:53)
                      at org.testng.SuiteRunnerWorker.run(SuiteRunnerWorker.java:96)
                      at org.testng.TestNG.runSuitesSequentially(TestNG.java:1180)
                      at org.testng.TestNG.runSuitesLocally(TestNG.java:1102)
                      at org.testng.TestNG.runSuites(TestNG.java:1032)
                      at org.testng.TestNG.run(TestNG.java:1000)
                      at com.intellij.rt.testng.IDEARemoteTestNG.run(IDEARemoteTestNG.java:66)
                      at com.intellij.rt.testng.RemoteTestNGStarter.main(RemoteTestNGStarter.java:105)
                      Caused by: org.openqa.selenium.TimeoutException: Expected condition failed: waiting for
                      io.appium.java_client.pagefactory.AppiumElementLocator$WaitingFunction@285d851a (tried for 1
                      second(s) with 500 milliseconds interval)
                      at org.openqa.selenium.support.ui.FluentWait.timeoutException(FluentWait.java:263)
                      at org.openqa.selenium.support.ui.FluentWait.until(FluentWait.java:231)
                      at io.appium.java_client.pagefactory.AppiumElementLocator.waitFor(AppiumElementLocator.java:98)
                      at
                      io.appium.java_client.pagefactory.AppiumElementLocator.findElement(AppiumElementLocator.java:118)
                      ... 30 more
                      Caused by: org.openqa.selenium.NoSuchElementException: Cannot locate an element using
                      By.chained({AppiumBy.id: com.spireon.fleet.staging:id/bt_sign_in})
                      For documentation on this error, please visit: https://selenium.dev/exceptions/#no_such_element
                      Build info: version: &apos;4.9.0&apos;, revision: &apos;d7057100a6&apos;
                      System info: os.name: &apos;Mac OS X&apos;, os.arch: &apos;x86_64&apos;, os.version: &apos;10.16&apos;,
                      java.version: &apos;1.8.0_202&apos;
                      Driver info: driver.version: RemoteWebDriver
                      at io.appium.java_client.pagefactory.bys.builder.ByChained.findElement(ByChained.java:77)
                      at
                      org.openqa.selenium.remote.ElementLocation$ElementFinder$1.findElement(ElementLocation.java:136)
                      at org.openqa.selenium.remote.ElementLocation.findElement(ElementLocation.java:60)
                      at org.openqa.selenium.remote.RemoteWebDriver.findElement(RemoteWebDriver.java:352)
                      at org.openqa.selenium.remote.RemoteWebDriver.findElement(RemoteWebDriver.java:344)
                      at io.appium.java_client.pagefactory.bys.ContentMappedBy.findElement(ContentMappedBy.java:50)
                      at
                      org.openqa.selenium.remote.ElementLocation$ElementFinder$1.findElement(ElementLocation.java:136)
                      at org.openqa.selenium.remote.ElementLocation.findElement(ElementLocation.java:60)
                      at org.openqa.selenium.remote.RemoteWebDriver.findElement(RemoteWebDriver.java:352)
                      at org.openqa.selenium.remote.RemoteWebDriver.findElement(RemoteWebDriver.java:344)
                      at
                      io.appium.java_client.pagefactory.AppiumElementLocator.lambda$findElement$0(AppiumElementLocator.java:119)
                      at
                      io.appium.java_client.pagefactory.AppiumElementLocator$WaitingFunction.apply(AppiumElementLocator.java:171)
                      at
                      io.appium.java_client.pagefactory.AppiumElementLocator$WaitingFunction.apply(AppiumElementLocator.java:164)
                      at org.openqa.selenium.support.ui.FluentWait.until(FluentWait.java:208)
                      ... 32 more

                  </div> <!-- stack-trace -->
                </div> <!-- method-content -->
              </div> <!-- method -->
              <div class="method">
                <div class="method-content">
                  <a name="UserisabletoselectanAccount">
                  </a> <!-- UserisabletoselectanAccount -->
                  <span class="method-name">UserisabletoselectanAccount</span>
                  <div class="stack-trace">org.openqa.selenium.NoSuchElementException: Can&apos;t locate an element by
                      this strategy: By.chained({AppiumBy.id: com.spireon.fleet.staging:id/bt_sign_in})
                      at
                      io.appium.java_client.pagefactory.AppiumElementLocator.findElement(AppiumElementLocator.java:125)
                      at
                      io.appium.java_client.pagefactory.interceptors.InterceptorOfASingleElement.intercept(InterceptorOfASingleElement.java:59)
                      at org.openqa.selenium.remote.RemoteWebElement$$EnhancerByCGLIB$$d27c0df4.click(&lt;generated&gt;)
                      at testscenarios.SignInTestCase.UserisabletoselectanAccount(SignInTestCases.java:122)
                      at sun.reflect.NativeMethodAccessorImpl.invoke0(Native Method)
                      at sun.reflect.NativeMethodAccessorImpl.invoke(NativeMethodAccessorImpl.java:62)
                      at sun.reflect.DelegatingMethodAccessorImpl.invoke(DelegatingMethodAccessorImpl.java:43)
                      at java.lang.reflect.Method.invoke(Method.java:498)
                      at org.testng.internal.MethodInvocationHelper.invokeMethod(MethodInvocationHelper.java:133)
                      at org.testng.internal.TestInvoker.invokeMethod(TestInvoker.java:584)
                      at org.testng.internal.TestInvoker.invokeTestMethod(TestInvoker.java:172)
                      at org.testng.internal.MethodRunner.runInSequence(MethodRunner.java:46)
                      at org.testng.internal.TestInvoker$MethodInvocationAgent.invoke(TestInvoker.java:804)
                      at org.testng.internal.TestInvoker.invokeTestMethods(TestInvoker.java:145)
                      at org.testng.internal.TestMethodWorker.invokeTestMethods(TestMethodWorker.java:146)
                      at org.testng.internal.TestMethodWorker.run(TestMethodWorker.java:128)
                      at java.util.ArrayList.forEach(ArrayList.java:1257)
                      at org.testng.TestRunner.privateRun(TestRunner.java:770)
                      at org.testng.TestRunner.run(TestRunner.java:591)
                      at org.testng.SuiteRunner.runTest(SuiteRunner.java:402)
                      at org.testng.SuiteRunner.runSequentially(SuiteRunner.java:396)
                      at org.testng.SuiteRunner.privateRun(SuiteRunner.java:355)
                      at org.testng.SuiteRunner.run(SuiteRunner.java:304)
                      at org.testng.SuiteRunnerWorker.runSuite(SuiteRunnerWorker.java:53)
                      at org.testng.SuiteRunnerWorker.run(SuiteRunnerWorker.java:96)
                      at org.testng.TestNG.runSuitesSequentially(TestNG.java:1180)
                      at org.testng.TestNG.runSuitesLocally(TestNG.java:1102)
                      at org.testng.TestNG.runSuites(TestNG.java:1032)
                      at org.testng.TestNG.run(TestNG.java:1000)
                      at com.intellij.rt.testng.IDEARemoteTestNG.run(IDEARemoteTestNG.java:66)
                      at com.intellij.rt.testng.RemoteTestNGStarter.main(RemoteTestNGStarter.java:105)
                      Caused by: org.openqa.selenium.TimeoutException: Expected condition failed: waiting for
                      io.appium.java_client.pagefactory.AppiumElementLocator$WaitingFunction@2fab4aff (tried for 1
                      second(s) with 500 milliseconds interval)
                      at org.openqa.selenium.support.ui.FluentWait.timeoutException(FluentWait.java:263)
                      at org.openqa.selenium.support.ui.FluentWait.until(FluentWait.java:231)
                      at io.appium.java_client.pagefactory.AppiumElementLocator.waitFor(AppiumElementLocator.java:98)
                      at
                      io.appium.java_client.pagefactory.AppiumElementLocator.findElement(AppiumElementLocator.java:118)
                      ... 30 more
                      Caused by: org.openqa.selenium.NoSuchElementException: Cannot locate an element using
                      By.chained({AppiumBy.id: com.spireon.fleet.staging:id/bt_sign_in})
                      For documentation on this error, please visit: https://selenium.dev/exceptions/#no_such_element
                      Build info: version: &apos;4.9.0&apos;, revision: &apos;d7057100a6&apos;
                      System info: os.name: &apos;Mac OS X&apos;, os.arch: &apos;x86_64&apos;, os.version: &apos;10.16&apos;,
                      java.version: &apos;1.8.0_202&apos;
                      Driver info: driver.version: RemoteWebDriver
                      at io.appium.java_client.pagefactory.bys.builder.ByChained.findElement(ByChained.java:77)
                      at
                      org.openqa.selenium.remote.ElementLocation$ElementFinder$1.findElement(ElementLocation.java:136)
                      at org.openqa.selenium.remote.ElementLocation.findElement(ElementLocation.java:60)
                      at org.openqa.selenium.remote.RemoteWebDriver.findElement(RemoteWebDriver.java:352)
                      at org.openqa.selenium.remote.RemoteWebDriver.findElement(RemoteWebDriver.java:344)
                      at io.appium.java_client.pagefactory.bys.ContentMappedBy.findElement(ContentMappedBy.java:50)
                      at
                      org.openqa.selenium.remote.ElementLocation$ElementFinder$1.findElement(ElementLocation.java:136)
                      at org.openqa.selenium.remote.ElementLocation.findElement(ElementLocation.java:60)
                      at org.openqa.selenium.remote.RemoteWebDriver.findElement(RemoteWebDriver.java:352)
                      at org.openqa.selenium.remote.RemoteWebDriver.findElement(RemoteWebDriver.java:344)
                      at
                      io.appium.java_client.pagefactory.AppiumElementLocator.lambda$findElement$0(AppiumElementLocator.java:119)
                      at
                      io.appium.java_client.pagefactory.AppiumElementLocator$WaitingFunction.apply(AppiumElementLocator.java:171)
                      at
                      io.appium.java_client.pagefactory.AppiumElementLocator$WaitingFunction.apply(AppiumElementLocator.java:164)
                      at org.openqa.selenium.support.ui.FluentWait.until(FluentWait.java:208)
                      ... 32 more

                  </div> <!-- stack-trace -->
                </div> <!-- method-content -->
              </div> <!-- method -->
            </div> <!-- main-panel-content rounded-window-bottom -->
          </div> <!-- suite-All_Test_Suite-class-failed -->
          <div class="suite-All_Test_Suite-class-passed">
            <div class="main-panel-header rounded-window-top">
              <img src="passed.png"/>
              <span class="class-name">testscenarios.SignInTestCase</span>
            </div> <!-- main-panel-header rounded-window-top -->
            <div class="main-panel-content rounded-window-bottom">
              <div class="method">
                <div class="method-content">
                  <a name="InvalidCredentialValidations">
                  </a> <!-- InvalidCredentialValidations -->
                  <span class="method-name">InvalidCredentialValidations</span>
                </div> <!-- method-content -->
              </div> <!-- method -->
              <div class="method">
                <div class="method-content">
                  <a name="LoginCredentialsvalidation">
                  </a> <!-- LoginCredentialsvalidation -->
                  <span class="method-name">LoginCredentialsvalidation</span>
                </div> <!-- method-content -->
              </div> <!-- method -->
            </div> <!-- main-panel-content rounded-window-bottom -->
          </div> <!-- suite-All_Test_Suite-class-passed -->
        </div> <!-- panel All_Test_Suite -->
        <div panel-name="test-xml-All_Test_Suite" class="panel">
          <div class="main-panel-header rounded-window-top">
            <span class="header-content">/Users/rudranilchakladar/IdeaProjects/Appium_FleetPeriscope/testng.xml</span>
          </div> <!-- main-panel-header rounded-window-top -->
          <div class="main-panel-content rounded-window-bottom">
            <pre>
&lt;?xml version=&quot;1.0&quot; encoding=&quot;UTF-8&quot;?&gt;
&lt;!DOCTYPE suite SYSTEM &quot;https://testng.org/testng-1.0.dtd&quot;&gt;
&lt;suite guice-stage=&quot;DEVELOPMENT&quot; name=&quot;All Test Suite&quot;&gt;
  &lt;test thread-count=&quot;5&quot; verbose=&quot;2&quot; name=&quot;/Users/rudranilchakladar/IdeaProjects/Appium_FleetPeriscope&quot;&gt;
    &lt;classes&gt;
      &lt;class name=&quot;testscenarios.SignInTestCase&quot;/&gt;
    &lt;/classes&gt;
  &lt;/test&gt; &lt;!-- /Users/rudranilchakladar/IdeaProjects/Appium_FleetPeriscope --&gt;
&lt;/suite&gt; &lt;!-- All Test Suite --&gt;
            </pre>
          </div> <!-- main-panel-content rounded-window-bottom -->
        </div> <!-- panel -->
        <div panel-name="testlist-All_Test_Suite" class="panel">
          <div class="main-panel-header rounded-window-top">
            <span class="header-content">Tests for All Test Suite</span>
          </div> <!-- main-panel-header rounded-window-top -->
          <div class="main-panel-content rounded-window-bottom">
            <ul>
              <li>
                <span class="test-name">/Users/rudranilchakladar/IdeaProjects/Appium_FleetPeriscope (1 class)</span>
              </li>
            </ul>
          </div> <!-- main-panel-content rounded-window-bottom -->
        </div> <!-- panel -->
        <div panel-name="group-All_Test_Suite" class="panel">
          <div class="main-panel-header rounded-window-top">
            <span class="header-content">Groups for All Test Suite</span>
          </div> <!-- main-panel-header rounded-window-top -->
          <div class="main-panel-content rounded-window-bottom">
          </div> <!-- main-panel-content rounded-window-bottom -->
        </div> <!-- panel -->
        <div panel-name="times-All_Test_Suite" class="panel">
          <div class="main-panel-header rounded-window-top">
            <span class="header-content">Times for All Test Suite</span>
          </div> <!-- main-panel-header rounded-window-top -->
          <div class="main-panel-content rounded-window-bottom">
            <div class="times-div">
              <script type="text/javascript">
                  suiteTableInitFunctions.push('tableData_All_Test_Suite');
                  function tableData_All_Test_Suite() {
                  var data = new google.visualization.DataTable();
                  data.addColumn('number', 'Number');
                  data.addColumn('string', 'Method');
                  data.addColumn('string', 'Class');
                  data.addColumn('number', 'Time (ms)');
                  data.addRows(6);
                  data.setCell(0, 0, 0)
                  data.setCell(0, 1, 'EmptyLoginCredentialsvalidation')
                  data.setCell(0, 2, 'testscenarios.SignInTestCase')
                  data.setCell(0, 3, 22231);
                  data.setCell(1, 0, 1)
                  data.setCell(1, 1, 'LoginUIelementsvalidation')
                  data.setCell(1, 2, 'testscenarios.SignInTestCase')
                  data.setCell(1, 3, 21151);
                  data.setCell(2, 0, 2)
                  data.setCell(2, 1, 'NoInternetConnection')
                  data.setCell(2, 2, 'testscenarios.SignInTestCase')
                  data.setCell(2, 3, 20586);
                  data.setCell(3, 0, 3)
                  data.setCell(3, 1, 'UserisabletoselectanAccount')
                  data.setCell(3, 2, 'testscenarios.SignInTestCase')
                  data.setCell(3, 3, 20300);
                  data.setCell(4, 0, 4)
                  data.setCell(4, 1, 'InvalidCredentialValidations')
                  data.setCell(4, 2, 'testscenarios.SignInTestCase')
                  data.setCell(4, 3, 10070);
                  data.setCell(5, 0, 5)
                  data.setCell(5, 1, 'LoginCredentialsvalidation')
                  data.setCell(5, 2, 'testscenarios.SignInTestCase')
                  data.setCell(5, 3, 6458);
                  window.suiteTableData['All_Test_Suite']= { tableData: data, tableDiv: 'times-div-All_Test_Suite'}
                  return data;
                  }
              </script>
              <span class="suite-total-time">Total running time: 1 minutes</span>
              <div id="times-div-All_Test_Suite">
              </div> <!-- times-div-All_Test_Suite -->
            </div> <!-- times-div -->
          </div> <!-- main-panel-content rounded-window-bottom -->
        </div> <!-- panel -->
        <div panel-name="reporter-All_Test_Suite" class="panel">
          <div class="main-panel-header rounded-window-top">
            <span class="header-content">Reporter output for All Test Suite</span>
          </div> <!-- main-panel-header rounded-window-top -->
          <div class="main-panel-content rounded-window-bottom">
          </div> <!-- main-panel-content rounded-window-bottom -->
        </div> <!-- panel -->
        <div panel-name="ignored-methods-All_Test_Suite" class="panel">
          <div class="main-panel-header rounded-window-top">
            <span class="header-content">0 ignored methods</span>
          </div> <!-- main-panel-header rounded-window-top -->
          <div class="main-panel-content rounded-window-bottom">
          </div> <!-- main-panel-content rounded-window-bottom -->
        </div> <!-- panel -->
        <div panel-name="chronological-All_Test_Suite" class="panel">
          <div class="main-panel-header rounded-window-top">
            <span class="header-content">Methods in chronological order</span>
          </div> <!-- main-panel-header rounded-window-top -->
          <div class="main-panel-content rounded-window-bottom">
            <div class="chronological-class">
              <div class="chronological-class-name">testscenarios.SignInTestCase</div> <!-- chronological-class-name -->
              <div class="configuration-class before">
                <span class="method-name">ConfigureAppium</span>
                <span class="method-start">0 ms</span>
              </div> <!-- configuration-class before -->
              <div class="test-method">
                <img src="failed.png">
                </img>
                <span class="method-name">EmptyLoginCredentialsvalidation</span>
                <span class="method-start">11800 ms</span>
              </div> <!-- test-method -->
              <div class="test-method">
                <span class="method-name">InvalidCredentialValidations</span>
                <span class="method-start">34043 ms</span>
              </div> <!-- test-method -->
              <div class="test-method">
                <span class="method-name">LoginCredentialsvalidation</span>
                <span class="method-start">44114 ms</span>
              </div> <!-- test-method -->
              <div class="test-method">
                <img src="failed.png">
                </img>
                <span class="method-name">LoginUIelementsvalidation</span>
                <span class="method-start">50573 ms</span>
              </div> <!-- test-method -->
              <div class="test-method">
                <img src="failed.png">
                </img>
                <span class="method-name">NoInternetConnection</span>
                <span class="method-start">71732 ms</span>
              </div> <!-- test-method -->
              <div class="test-method">
                <img src="failed.png">
                </img>
                <span class="method-name">UserisabletoselectanAccount</span>
                <span class="method-start">92326 ms</span>
              </div> <!-- test-method -->
              <div class="configuration-class after">
                <span class="method-name">tearDown</span>
                <span class="method-start">112633 ms</span>
              </div> <!-- configuration-class after -->
          </div> <!-- main-panel-content rounded-window-bottom -->
        </div> <!-- panel -->
      </div> <!-- main-panel-root -->
    </div> <!-- wrapper -->
  </body>
</html>
